{"c:\\Alex\\src\\vscode-lcov\\examples\\fizzbuzz\\main.js":{"path":"c:\\Alex\\src\\vscode-lcov\\examples\\fizzbuzz\\main.js","s":{"1":1,"2":4,"3":1,"4":3,"5":1,"6":2,"7":1,"8":1},"b":{"1":[1,3],"2":[1,2],"3":[1,1]},"f":{"1":4},"fnMap":{"1":{"name":"(anonymous_1)","line":2,"loc":{"start":{"line":2,"column":19},"end":{"line":2,"column":32}}}},"statementMap":{"1":{"start":{"line":2,"column":0},"end":{"line":13,"column":1}},"2":{"start":{"line":3,"column":1},"end":{"line":5,"column":2}},"3":{"start":{"line":4,"column":2},"end":{"line":4,"column":20}},"4":{"start":{"line":6,"column":1},"end":{"line":8,"column":2}},"5":{"start":{"line":7,"column":2},"end":{"line":7,"column":16}},"6":{"start":{"line":9,"column":1},"end":{"line":11,"column":2}},"7":{"start":{"line":10,"column":2},"end":{"line":10,"column":16}},"8":{"start":{"line":12,"column":1},"end":{"line":12,"column":11}}},"branchMap":{"1":{"line":3,"type":"if","locations":[{"start":{"line":3,"column":1},"end":{"line":3,"column":1}},{"start":{"line":3,"column":1},"end":{"line":3,"column":1}}]},"2":{"line":6,"type":"if","locations":[{"start":{"line":6,"column":1},"end":{"line":6,"column":1}},{"start":{"line":6,"column":1},"end":{"line":6,"column":1}}]},"3":{"line":9,"type":"if","locations":[{"start":{"line":9,"column":1},"end":{"line":9,"column":1}},{"start":{"line":9,"column":1},"end":{"line":9,"column":1}}]}}}}